[debug] [2021-05-10T00:45:01.699Z] ----------------------------------------------------------------------
[debug] [2021-05-10T00:45:01.701Z] Command:       C:\Program Files\nodejs\node.exe C:\Users\JRatana\AppData\Roaming\npm\node_modules\firebase-tools\lib\bin\firebase.js open
[debug] [2021-05-10T00:45:01.702Z] CLI Version:   8.2.0
[debug] [2021-05-10T00:45:01.702Z] Platform:      win32
[debug] [2021-05-10T00:45:01.702Z] Node Version:  v12.16.1
[debug] [2021-05-10T00:45:01.709Z] Time:          Sun May 09 2021 20:45:01 GMT-0400 (Eastern Daylight Time)
[debug] [2021-05-10T00:45:01.710Z] ----------------------------------------------------------------------
[debug] [2021-05-10T00:45:01.710Z] 
[debug] [2021-05-10T00:45:01.719Z] > command requires scopes: ["email","openid","https://www.googleapis.com/auth/cloudplatformprojects.readonly","https://www.googleapis.com/auth/firebase","https://www.googleapis.com/auth/cloud-platform"]
[debug] [2021-05-10T00:45:01.720Z] > authorizing via signed-in user
[debug] [2021-05-10T00:45:01.721Z] [iam] checking project janakitti-31ba2 for permissions ["firebase.projects.get"]
[debug] [2021-05-10T00:45:01.722Z] > refreshing access token with scopes: ["email","https://www.googleapis.com/auth/cloud-platform","https://www.googleapis.com/auth/cloudplatformprojects.readonly","https://www.googleapis.com/auth/firebase","openid"]
[debug] [2021-05-10T00:45:01.722Z] >>> HTTP REQUEST POST https://www.googleapis.com/oauth2/v3/token  
 <request body omitted>
[debug] [2021-05-10T00:45:01.915Z] <<< HTTP RESPONSE 200 {"cache-control":"no-cache, no-store, max-age=0, must-revalidate","expires":"Mon, 01 Jan 1990 00:00:00 GMT","pragma":"no-cache","date":"Mon, 10 May 2021 00:45:02 GMT","content-type":"application/json; charset=utf-8","vary":"X-Origin, Referer, Origin,Accept-Encoding","server":"scaffolding on HTTPServer2","x-xss-protection":"0","x-frame-options":"SAMEORIGIN","x-content-type-options":"nosniff","alt-svc":"h3-29=\":443\"; ma=2592000,h3-T051=\":443\"; ma=2592000,h3-Q050=\":443\"; ma=2592000,h3-Q046=\":443\"; ma=2592000,h3-Q043=\":443\"; ma=2592000,quic=\":443\"; ma=2592000; v=\"46,43\"","accept-ranges":"none","transfer-encoding":"chunked"}
[debug] [2021-05-10T00:45:01.964Z] >>> HTTP REQUEST POST https://cloudresourcemanager.googleapis.com/v1/projects/janakitti-31ba2:testIamPermissions  
 {"permissions":["firebase.projects.get"]}
[debug] [2021-05-10T00:45:02.343Z] <<< HTTP RESPONSE 200 {"content-type":"application/json; charset=UTF-8","vary":"X-Origin, Referer, Origin,Accept-Encoding","date":"Mon, 10 May 2021 00:45:02 GMT","server":"ESF","cache-control":"private","x-xss-protection":"0","x-frame-options":"SAMEORIGIN","x-content-type-options":"nosniff","server-timing":"gfet4t7; dur=168","alt-svc":"h3-29=\":443\"; ma=2592000,h3-T051=\":443\"; ma=2592000,h3-Q050=\":443\"; ma=2592000,h3-Q046=\":443\"; ma=2592000,h3-Q043=\":443\"; ma=2592000,quic=\":443\"; ma=2592000; v=\"46,43\"","accept-ranges":"none","transfer-encoding":"chunked"}
[debug] [2021-05-10T00:45:02.345Z] >>> HTTP REQUEST GET https://firebase.googleapis.com/v1beta1/projects/janakitti-31ba2  
 
[debug] [2021-05-10T00:45:02.651Z] <<< HTTP RESPONSE 200 {"content-type":"application/json; charset=UTF-8","vary":"X-Origin, Referer, Origin,Accept-Encoding","date":"Mon, 10 May 2021 00:45:03 GMT","server":"ESF","cache-control":"private","x-xss-protection":"0","x-frame-options":"SAMEORIGIN","x-content-type-options":"nosniff","alt-svc":"h3-29=\":443\"; ma=2592000,h3-T051=\":443\"; ma=2592000,h3-Q050=\":443\"; ma=2592000,h3-Q046=\":443\"; ma=2592000,h3-Q043=\":443\"; ma=2592000,quic=\":443\"; ma=2592000; v=\"46,43\"","accept-ranges":"none","transfer-encoding":"chunked"}
[debug] [2021-05-10T00:45:02.651Z] [WARNING] Unable to fetch default resources. Falling back to project id (janakitti-31ba2)
